0 info it worked if it ends with ok
1 verbose cli [ '/usr/bin/nodejs',
1 verbose cli   '/usr/bin/npm',
1 verbose cli   'run',
1 verbose cli   'test',
1 verbose cli   'Process.test.js' ]
2 info using npm@3.5.2
3 info using node@v4.2.6
4 verbose run-script [ 'pretest', 'test', 'posttest' ]
5 info lifecycle ls-multi-level-feedback-queue@1.0.0~pretest: ls-multi-level-feedback-queue@1.0.0
6 silly lifecycle ls-multi-level-feedback-queue@1.0.0~pretest: no script for pretest, continuing
7 info lifecycle ls-multi-level-feedback-queue@1.0.0~test: ls-multi-level-feedback-queue@1.0.0
8 verbose lifecycle ls-multi-level-feedback-queue@1.0.0~test: unsafe-perm in lifecycle true
9 verbose lifecycle ls-multi-level-feedback-queue@1.0.0~test: PATH: /usr/share/npm/bin/node-gyp-bin:/home/swedishgoodbye/Code/Lambda Projects/Multi-Level-Feedback-Queue/node_modules/.bin:/home/swedishgoodbye/bin:/home/swedishgoodbye/.local/bin:/home/swedishgoodbye/bin:/home/swedishgoodbye/.local/bin:/usr/local/sbin:/usr/local/bin:/usr/sbin:/usr/bin:/sbin:/bin:/usr/games:/usr/local/games:/snap/bin
10 verbose lifecycle ls-multi-level-feedback-queue@1.0.0~test: CWD: /home/swedishgoodbye/Code/Lambda Projects/Multi-Level-Feedback-Queue
11 silly lifecycle ls-multi-level-feedback-queue@1.0.0~test: Args: [ '-c', 'jest --verbose "Process.test.js"' ]
12 silly lifecycle ls-multi-level-feedback-queue@1.0.0~test: Returned: code: 1  signal: null
13 info lifecycle ls-multi-level-feedback-queue@1.0.0~test: Failed to exec test script
14 verbose stack Error: ls-multi-level-feedback-queue@1.0.0 test: `jest --verbose "Process.test.js"`
14 verbose stack Exit status 1
14 verbose stack     at EventEmitter.<anonymous> (/usr/share/npm/lib/utils/lifecycle.js:232:16)
14 verbose stack     at emitTwo (events.js:87:13)
14 verbose stack     at EventEmitter.emit (events.js:172:7)
14 verbose stack     at ChildProcess.<anonymous> (/usr/share/npm/lib/utils/spawn.js:24:14)
14 verbose stack     at emitTwo (events.js:87:13)
14 verbose stack     at ChildProcess.emit (events.js:172:7)
14 verbose stack     at maybeClose (internal/child_process.js:821:16)
14 verbose stack     at Process.ChildProcess._handle.onexit (internal/child_process.js:211:5)
15 verbose pkgid ls-multi-level-feedback-queue@1.0.0
16 verbose cwd /home/swedishgoodbye/Code/Lambda Projects/Multi-Level-Feedback-Queue
17 error Linux 4.13.0-43-generic
18 error argv "/usr/bin/nodejs" "/usr/bin/npm" "run" "test" "Process.test.js"
19 error node v4.2.6
20 error npm  v3.5.2
21 error code ELIFECYCLE
22 error ls-multi-level-feedback-queue@1.0.0 test: `jest --verbose "Process.test.js"`
22 error Exit status 1
23 error Failed at the ls-multi-level-feedback-queue@1.0.0 test script 'jest --verbose "Process.test.js"'.
23 error Make sure you have the latest version of node.js and npm installed.
23 error If you do, this is most likely a problem with the ls-multi-level-feedback-queue package,
23 error not with npm itself.
23 error Tell the author that this fails on your system:
23 error     jest --verbose "Process.test.js"
23 error You can get information on how to open an issue for this project with:
23 error     npm bugs ls-multi-level-feedback-queue
23 error Or if that isn't available, you can get their info via:
23 error     npm owner ls ls-multi-level-feedback-queue
23 error There is likely additional logging output above.
24 verbose exit [ 1, true ]
